22:17:06 **** Build of configuration Nios II for project led_example ****
wsl make mem_init_generate 
Info: Building /mnt/d/Quartus/Cronometro/Laboratorio1/software/led_example_bsp/
make --no-print-directory -C /mnt/d/Quartus/Cronometro/Laboratorio1/software/led_example_bsp/
[BSP build complete]
Post-processing to create mem_init/platform_ram_0.hex...
elf2hex.exe led_example.elf 0x00001000 0x00001fff --width=32 --little-endian-mem --create-lanes=0 mem_init/platform_ram_0.hex
Post-processing to create mem_init/platform_rom_0.hex...
elf2hex.exe led_example.elf 0x00000000 0x00000fff --width=32 --little-endian-mem --create-lanes=0 mem_init/platform_rom_0.hex
Post-processing to create mem_init/hdl_sim/platform_ram_0.dat...
elf2dat --infile=led_example.elf --outfile=mem_init/hdl_sim/platform_ram_0.dat \
	--base=0x00001000 --end=0x00001fff --width=32 \
	--little-endian-mem --create-lanes=0 
Post-processing to create mem_init/hdl_sim/platform_rom_0.dat...
elf2dat --infile=led_example.elf --outfile=mem_init/hdl_sim/platform_rom_0.dat \
	--base=0x00000000 --end=0x00000fff --width=32 \
	--little-endian-mem --create-lanes=0 
Post-processing to create mem_init/hdl_sim/platform_ram_0.sym...
nios2-elf-nm.exe -n led_example.elf > mem_init/hdl_sim/platform_ram_0.sym
Post-processing to create mem_init/hdl_sim/platform_rom_0.sym...
nios2-elf-nm.exe -n led_example.elf > mem_init/hdl_sim/platform_rom_0.sym
Post-processing to create mem_init/meminit.spd...
Post-processing to create mem_init/meminit.qip...
